\BOOKMARK [1][-]{section.1}{\376\377\000I\000n\000t\000r\000o\000d\000u\000c\000t\000i\000o\000n}{}% 1
\BOOKMARK [1][-]{section.2}{\376\377\000P\000r\000\351\000s\000e\000n\000t\000a\000t\000i\000o\000n\000\040\000g\000\351\000n\000\351\000r\000a\000l\000e\000\040\000d\000u\000\040\000p\000r\000o\000j\000e\000t}{}% 2
\BOOKMARK [1][-]{section.3}{\376\377\000C\000h\000o\000i\000x\000\040\000d\000e\000\040\000d\000i\000s\000t\000r\000i\000b\000u\000t\000i\000o\000n\000\040\000\046\000\040\000t\000y\000p\000e\000\040\000d\000'\000i\000n\000s\000t\000a\000l\000l\000a\000t\000i\000o\000n}{}% 3
\BOOKMARK [1][-]{section.4}{\376\377\000P\000l\000a\000n\000\040\000d\000e\000\040\000p\000a\000r\000t\000i\000t\000i\000o\000n\000n\000e\000m\000e\000n\000t}{}% 4
\BOOKMARK [1][-]{section.5}{\376\377\000D\000e\000s\000c\000r\000i\000p\000t\000i\000o\000n\000s\000\040\000d\000e\000s\000\040\000s\000e\000r\000v\000i\000c\000e\000s}{}% 5
\BOOKMARK [2][-]{subsection.5.1}{\376\377\000P\000a\000r\000t\000a\000g\000e\000\040\000d\000e\000\040\000D\000o\000s\000s\000i\000e\000r\000\040\000a\000v\000e\000c\000\040\000N\000F\000S\000\040\000e\000t\000\040\000S\000a\000m\000b\000a}{section.5}% 6
\BOOKMARK [2][-]{subsection.5.2}{\376\377\000C\000o\000n\000n\000e\000x\000i\000o\000n\000\040\000S\000S\000H\000\040\000S\000\351\000c\000u\000r\000i\000s\000\351\000e}{section.5}% 7
\BOOKMARK [2][-]{subsection.5.3}{\376\377\000S\000e\000r\000v\000e\000u\000r\000\040\000W\000e\000b}{section.5}% 8
\BOOKMARK [2][-]{subsection.5.4}{\376\377\000B\000a\000s\000e\000\040\000d\000e\000\040\000D\000o\000n\000n\000\351\000e\000s}{section.5}% 9
\BOOKMARK [2][-]{subsection.5.5}{\376\377\000A\000u\000t\000o\000m\000a\000t\000i\000s\000a\000t\000i\000o\000n\000\040\000d\000e\000s\000\040\000C\000o\000n\000f\000i\000g\000u\000r\000a\000t\000i\000o\000n\000s}{section.5}% 10
\BOOKMARK [2][-]{subsection.5.6}{\376\377\000M\000o\000n\000i\000t\000o\000r\000i\000n\000g}{section.5}% 11
\BOOKMARK [2][-]{subsection.5.7}{\376\377\000S\000e\000r\000v\000e\000u\000r\000\040\000N\000T\000P}{section.5}% 12
\BOOKMARK [2][-]{subsection.5.8}{\376\377\000S\000e\000r\000v\000e\000u\000r\000\040\000D\000N\000S}{section.5}% 13
\BOOKMARK [1][-]{section.6}{\376\377\000D\000e\000s\000c\000r\000i\000p\000t\000i\000o\000n\000s\000\040\000d\000e\000s\000\040\000s\000c\000r\000i\000p\000t\000s}{}% 14
\BOOKMARK [1][-]{section.7}{\376\377\000P\000l\000a\000n\000\040\000d\000e\000\040\000s\000a\000u\000v\000e\000g\000a\000r\000d\000e}{}% 15
\BOOKMARK [1][-]{section.8}{\376\377\000S\000\351\000c\000u\000r\000i\000t\000\351\000\040\000d\000u\000\040\000s\000e\000r\000v\000e\000u\000r}{}% 16
\BOOKMARK [1][-]{section.9}{\376\377\000P\000r\000o\000b\000l\000\350\000m\000e\000s\000\040\000r\000e\000n\000c\000o\000n\000t\000r\000\351\000s}{}% 17
\BOOKMARK [1][-]{section.10}{\376\377\000A\000m\000\351\000l\000i\000o\000r\000a\000t\000i\000o\000n\000s\000\040\000e\000t\000\040\000c\000o\000n\000c\000l\000u\000s\000i\000o\000n\000s}{}% 18
\BOOKMARK [1][-]{section.11}{\376\377\000B\000i\000b\000l\000i\000o\000g\000r\000a\000p\000h\000i\000e}{}% 19
\BOOKMARK [1][-]{section.12}{\376\377\000A\000n\000n\000e\000x\000e\000s}{}% 20
